CUDA backend creation failed, reverting to CPU
Training network:

|    type |       input |      output | :bias | :weights |
|---------+-------------+-------------+-------+----------|
| :linear |   1x1x2 - 2 | 1x1x10 - 10 |  [10] |   [10 2] |
|   :tanh | 1x1x10 - 10 | 1x1x10 - 10 |       |          |
|   :tanh | 1x1x10 - 10 | 1x1x10 - 10 |       |          |
|   :tanh | 1x1x10 - 10 | 1x1x10 - 10 |       |          |
| :linear | 1x1x10 - 10 |   1x1x1 - 1 |   [1] |     [10] |
Parameter count: 41

|     :type |              :value | :lambda | :node-id | :argument |
|-----------+---------------------+---------+----------+-----------|
| :mse-loss | 0.07237692553841953 |     1.0 |       :y |           |

Loss for epoch 3001: (current) 0.07237692553841953 (best) 0.030818421955475947

|     :type |              :value | :lambda | :node-id | :argument |
|-----------+---------------------+---------+----------+-----------|
| :mse-loss | 0.03460842255353782 |     1.0 |       :y |           |

Loss for epoch 3002: (current) 0.03460842255353782 (best) 0.030818421955475947

|     :type |              :value | :lambda | :node-id | :argument |
|-----------+---------------------+---------+----------+-----------|
| :mse-loss | 0.06513967174241657 |     1.0 |       :y |           |

Loss for epoch 3003: (current) 0.06513967174241657 (best) 0.030818421955475947

|     :type |               :value | :lambda | :node-id | :argument |
|-----------+----------------------+---------+----------+-----------|
| :mse-loss | 0.052128455058073085 |     1.0 |       :y |           |

Loss for epoch 3004: (current) 0.052128455058073085 (best) 0.030818421955475947

|     :type |              :value | :lambda | :node-id | :argument |
|-----------+---------------------+---------+----------+-----------|
| :mse-loss | 0.03417550270647553 |     1.0 |       :y |           |

Loss for epoch 3005: (current) 0.03417550270647553 (best) 0.030818421955475947

|     :type |               :value | :lambda | :node-id | :argument |
|-----------+----------------------+---------+----------+-----------|
| :mse-loss | 0.050983537618988065 |     1.0 |       :y |           |

Loss for epoch 3006: (current) 0.050983537618988065 (best) 0.030818421955475947

|     :type |              :value | :lambda | :node-id | :argument |
|-----------+---------------------+---------+----------+-----------|
| :mse-loss | 0.03303553145994954 |     1.0 |       :y |           |

Loss for epoch 3007: (current) 0.03303553145994954 (best) 0.030818421955475947

|     :type |               :value | :lambda | :node-id | :argument |
|-----------+----------------------+---------+----------+-----------|
| :mse-loss | 0.038261831915742735 |     1.0 |       :y |           |

Loss for epoch 3008: (current) 0.038261831915742735 (best) 0.030818421955475947

|     :type |               :value | :lambda | :node-id | :argument |
|-----------+----------------------+---------+----------+-----------|
| :mse-loss | 0.034469694203505125 |     1.0 |       :y |           |

Loss for epoch 3009: (current) 0.034469694203505125 (best) 0.030818421955475947

|     :type |             :value | :lambda | :node-id | :argument |
|-----------+--------------------+---------+----------+-----------|
| :mse-loss | 0.0310264640641185 |     1.0 |       :y |           |

Loss for epoch 3010: (current) 0.0310264640641185 (best) 0.030818421955475947

|     :type |              :value | :lambda | :node-id | :argument |
|-----------+---------------------+---------+----------+-----------|
| :mse-loss | 0.03833701782722756 |     1.0 |       :y |           |

Loss for epoch 3011: (current) 0.03833701782722756 (best) 0.030818421955475947

|     :type |              :value | :lambda | :node-id | :argument |
|-----------+---------------------+---------+----------+-----------|
| :mse-loss | 0.03035303473325996 |     1.0 |       :y |           |

Loss for epoch 3012: (current) 0.03035303473325996 (best) 0.030818421955475947
Saving network to retrained.nippy

|     :type |               :value | :lambda | :node-id | :argument |
|-----------+----------------------+---------+----------+-----------|
| :mse-loss | 0.032195184554648225 |     1.0 |       :y |           |

Loss for epoch 3013: (current) 0.032195184554648225 (best) 0.03035303473325996

|     :type |              :value | :lambda | :node-id | :argument |
|-----------+---------------------+---------+----------+-----------|
| :mse-loss | 0.03028622147992678 |     1.0 |       :y |           |

Loss for epoch 3014: (current) 0.03028622147992678 (best) 0.03035303473325996
Saving network to retrained.nippy

|     :type |              :value | :lambda | :node-id | :argument |
|-----------+---------------------+---------+----------+-----------|
| :mse-loss | 0.02975006570017854 |     1.0 |       :y |           |

Loss for epoch 3015: (current) 0.02975006570017854 (best) 0.03028622147992678
Saving network to retrained.nippy

|     :type |               :value | :lambda | :node-id | :argument |
|-----------+----------------------+---------+----------+-----------|
| :mse-loss | 0.030255139653399966 |     1.0 |       :y |           |

Loss for epoch 3016: (current) 0.030255139653399966 (best) 0.02975006570017854

|     :type |               :value | :lambda | :node-id | :argument |
|-----------+----------------------+---------+----------+-----------|
| :mse-loss | 0.028970338086403445 |     1.0 |       :y |           |

Loss for epoch 3017: (current) 0.028970338086403445 (best) 0.02975006570017854
Saving network to retrained.nippy

|     :type |               :value | :lambda | :node-id | :argument |
|-----------+----------------------+---------+----------+-----------|
| :mse-loss | 0.030259524039325924 |     1.0 |       :y |           |

Loss for epoch 3018: (current) 0.030259524039325924 (best) 0.028970338086403445

|     :type |              :value | :lambda | :node-id | :argument |
|-----------+---------------------+---------+----------+-----------|
| :mse-loss | 0.02825750435461714 |     1.0 |       :y |           |

Loss for epoch 3019: (current) 0.02825750435461714 (best) 0.028970338086403445
Saving network to retrained.nippy

|     :type |               :value | :lambda | :node-id | :argument |
|-----------+----------------------+---------+----------+-----------|
| :mse-loss | 0.028996480308167066 |     1.0 |       :y |           |

Loss for epoch 3020: (current) 0.028996480308167066 (best) 0.02825750435461714

|     :type |               :value | :lambda | :node-id | :argument |
|-----------+----------------------+---------+----------+-----------|
| :mse-loss | 0.029203130747404202 |     1.0 |       :y |           |

Loss for epoch 3021: (current) 0.029203130747404202 (best) 0.02825750435461714

|     :type |               :value | :lambda | :node-id | :argument |
|-----------+----------------------+---------+----------+-----------|
| :mse-loss | 0.029787836229964455 |     1.0 |       :y |           |

Loss for epoch 3022: (current) 0.029787836229964455 (best) 0.02825750435461714

|     :type |               :value | :lambda | :node-id | :argument |
|-----------+----------------------+---------+----------+-----------|
| :mse-loss | 0.029524925043090205 |     1.0 |       :y |           |

Loss for epoch 3023: (current) 0.029524925043090205 (best) 0.02825750435461714

|     :type |              :value | :lambda | :node-id | :argument |
|-----------+---------------------+---------+----------+-----------|
| :mse-loss | 0.02892568636372971 |     1.0 |       :y |           |

Loss for epoch 3024: (current) 0.02892568636372971 (best) 0.02825750435461714

|     :type |               :value | :lambda | :node-id | :argument |
|-----------+----------------------+---------+----------+-----------|
| :mse-loss | 0.029278726391927423 |     1.0 |       :y |           |

Loss for epoch 3025: (current) 0.029278726391927423 (best) 0.02825750435461714

|     :type |               :value | :lambda | :node-id | :argument |
|-----------+----------------------+---------+----------+-----------|
| :mse-loss | 0.028707329646560423 |     1.0 |       :y |           |

Loss for epoch 3026: (current) 0.028707329646560423 (best) 0.02825750435461714

|     :type |              :value | :lambda | :node-id | :argument |
|-----------+---------------------+---------+----------+-----------|
| :mse-loss | 0.02885546000864906 |     1.0 |       :y |           |

Loss for epoch 3027: (current) 0.02885546000864906 (best) 0.02825750435461714

|     :type |              :value | :lambda | :node-id | :argument |
|-----------+---------------------+---------+----------+-----------|
| :mse-loss | 0.02897475069320649 |     1.0 |       :y |           |

Loss for epoch 3028: (current) 0.02897475069320649 (best) 0.02825750435461714

|     :type |               :value | :lambda | :node-id | :argument |
|-----------+----------------------+---------+----------+-----------|
| :mse-loss | 0.029058850317092037 |     1.0 |       :y |           |

Loss for epoch 3029: (current) 0.029058850317092037 (best) 0.02825750435461714

|     :type |              :value | :lambda | :node-id | :argument |
|-----------+---------------------+---------+----------+-----------|
| :mse-loss | 0.02874210992940334 |     1.0 |       :y |           |

Loss for epoch 3030: (current) 0.02874210992940334 (best) 0.02825750435461714

|     :type |               :value | :lambda | :node-id | :argument |
|-----------+----------------------+---------+----------+-----------|
| :mse-loss | 0.028737957598322053 |     1.0 |       :y |           |

Loss for epoch 3031: (current) 0.028737957598322053 (best) 0.02825750435461714

|     :type |               :value | :lambda | :node-id | :argument |
|-----------+----------------------+---------+----------+-----------|
| :mse-loss | 0.029077863817184378 |     1.0 |       :y |           |

Loss for epoch 3032: (current) 0.029077863817184378 (best) 0.02825750435461714

|     :type |               :value | :lambda | :node-id | :argument |
|-----------+----------------------+---------+----------+-----------|
| :mse-loss | 0.029131033343062426 |     1.0 |       :y |           |

Loss for epoch 3033: (current) 0.029131033343062426 (best) 0.02825750435461714

|     :type |               :value | :lambda | :node-id | :argument |
|-----------+----------------------+---------+----------+-----------|
| :mse-loss | 0.029205886405957244 |     1.0 |       :y |           |

Loss for epoch 3034: (current) 0.029205886405957244 (best) 0.02825750435461714

|     :type |               :value | :lambda | :node-id | :argument |
|-----------+----------------------+---------+----------+-----------|
| :mse-loss | 0.029196730332187143 |     1.0 |       :y |           |

Loss for epoch 3035: (current) 0.029196730332187143 (best) 0.02825750435461714

|     :type |               :value | :lambda | :node-id | :argument |
|-----------+----------------------+---------+----------+-----------|
| :mse-loss | 0.029172314228737832 |     1.0 |       :y |           |

Loss for epoch 3036: (current) 0.029172314228737832 (best) 0.02825750435461714

|     :type |              :value | :lambda | :node-id | :argument |
|-----------+---------------------+---------+----------+-----------|
| :mse-loss | 0.02903220129194608 |     1.0 |       :y |           |

Loss for epoch 3037: (current) 0.02903220129194608 (best) 0.02825750435461714

|     :type |               :value | :lambda | :node-id | :argument |
|-----------+----------------------+---------+----------+-----------|
| :mse-loss | 0.029065790629010168 |     1.0 |       :y |           |

Loss for epoch 3038: (current) 0.029065790629010168 (best) 0.02825750435461714

|     :type |              :value | :lambda | :node-id | :argument |
|-----------+---------------------+---------+----------+-----------|
| :mse-loss | 0.02920525609697961 |     1.0 |       :y |           |

Loss for epoch 3039: (current) 0.02920525609697961 (best) 0.02825750435461714

|     :type |               :value | :lambda | :node-id | :argument |
|-----------+----------------------+---------+----------+-----------|
| :mse-loss | 0.029209728304313103 |     1.0 |       :y |           |

Loss for epoch 3040: (current) 0.029209728304313103 (best) 0.02825750435461714

|     :type |               :value | :lambda | :node-id | :argument |
|-----------+----------------------+---------+----------+-----------|
| :mse-loss | 0.029169337286397194 |     1.0 |       :y |           |

Loss for epoch 3041: (current) 0.029169337286397194 (best) 0.02825750435461714

|     :type |              :value | :lambda | :node-id | :argument |
|-----------+---------------------+---------+----------+-----------|
| :mse-loss | 0.02918372459786383 |     1.0 |       :y |           |

Loss for epoch 3042: (current) 0.02918372459786383 (best) 0.02825750435461714

|     :type |               :value | :lambda | :node-id | :argument |
|-----------+----------------------+---------+----------+-----------|
| :mse-loss | 0.029244548507003854 |     1.0 |       :y |           |

Loss for epoch 3043: (current) 0.029244548507003854 (best) 0.02825750435461714

|     :type |               :value | :lambda | :node-id | :argument |
|-----------+----------------------+---------+----------+-----------|
| :mse-loss | 0.029267872954068252 |     1.0 |       :y |           |

Loss for epoch 3044: (current) 0.029267872954068252 (best) 0.02825750435461714

|     :type |               :value | :lambda | :node-id | :argument |
|-----------+----------------------+---------+----------+-----------|
| :mse-loss | 0.029326909030213528 |     1.0 |       :y |           |

Loss for epoch 3045: (current) 0.029326909030213528 (best) 0.02825750435461714

|     :type |               :value | :lambda | :node-id | :argument |
|-----------+----------------------+---------+----------+-----------|
| :mse-loss | 0.029380250542844807 |     1.0 |       :y |           |

Loss for epoch 3046: (current) 0.029380250542844807 (best) 0.02825750435461714

|     :type |               :value | :lambda | :node-id | :argument |
|-----------+----------------------+---------+----------+-----------|
| :mse-loss | 0.029359810717685376 |     1.0 |       :y |           |

Loss for epoch 3047: (current) 0.029359810717685376 (best) 0.02825750435461714

|     :type |               :value | :lambda | :node-id | :argument |
|-----------+----------------------+---------+----------+-----------|
| :mse-loss | 0.029321782583215848 |     1.0 |       :y |           |

Loss for epoch 3048: (current) 0.029321782583215848 (best) 0.02825750435461714

|     :type |               :value | :lambda | :node-id | :argument |
|-----------+----------------------+---------+----------+-----------|
| :mse-loss | 0.029333598227035507 |     1.0 |       :y |           |

Loss for epoch 3049: (current) 0.029333598227035507 (best) 0.02825750435461714

|     :type |               :value | :lambda | :node-id | :argument |
|-----------+----------------------+---------+----------+-----------|
| :mse-loss | 0.029368296317024374 |     1.0 |       :y |           |

Loss for epoch 3050: (current) 0.029368296317024374 (best) 0.02825750435461714
